<?xml version="1.0" encoding="UTF-8"?>
<testsuite xmlns:xsi="http://www.w3.org/2001/XMLSchema-instance" xsi:noNamespaceSchemaLocation="https://maven.apache.org/surefire/maven-surefire-plugin/xsd/surefire-test-report.xsd" name="test.java.employee.SalaryCalculatorTest" time="0.085" tests="8" errors="0" skipped="0" failures="0">
  <properties>
[...]
</properties>
  <testcase name="shouldCalculateNetSalaryForManagerWithHighSalary" classname="test.java.employee.SalaryCalculatorTest" time="0.055"/>
  <testcase name="shouldCalculateNetSalaryForDeveloperWithLowSalary" classname="test.java.employee.SalaryCalculatorTest" time="0.002"/>
  <testcase name="shouldCalculateNetSalaryForManagerWithLowSalary" classname="test.java.employee.SalaryCalculatorTest" time="0.001"/>
  <testcase name="shouldCalculateNetSalaryForDBAWithLowSalary" classname="test.java.employee.SalaryCalculatorTest" time="0.001"/>
  <testcase name="shouldCalculateNetSalaryForTesterWithLowSalary" classname="test.java.employee.SalaryCalculatorTest" time="0.001"/>
  <testcase name="shouldCalculateNetSalaryForTesterWithHighSalary" classname="test.java.employee.SalaryCalculatorTest" time="0.001"/>
  <testcase name="shouldCalculateNetSalaryForDBAWithHighSalary" classname="test.java.employee.SalaryCalculatorTest" time="0.001"/>
  <testcase name="shouldCalculateNetSalaryForDeveloperWithHighSalary" classname="test.java.employee.SalaryCalculatorTest" time="0.002"/>
</testsuite>